#
# A fatal error has been detected by the Java Runtime Environment:
#
#  EXCEPTION_ACCESS_VIOLATION (0xc0000005) at pc=0x00000249289e5148, pid=54824, tid=51780
#
# JRE version: Java(TM) SE Runtime Environment (23.0.1+11) (build 23.0.1+11-39)
# Java VM: Java HotSpot(TM) 64-Bit Server VM (23.0.1+11-39, mixed mode, sharing, tiered, compressed oops, compressed class ptrs, g1 gc, windows-amd64)
# Problematic frame:
# j  java.lang.invoke.DirectMethodHandle$Holder.newInvokeSpecial(Ljava/lang/Object;)Ljava/lang/Object;+15 java.base@23.0.1
#
# No core dump will be written. Minidumps are not enabled by default on client versions of Windows
#
# If you would like to submit a bug report, please visit:
#   https://bugreport.java.com/bugreport/crash.jsp
#

---------------  S U M M A R Y ------------

Command Line: -XX:+ShowCodeDetailsInExceptionMessages -agentlib:jdwp=transport=dt_socket,suspend=y,address=localhost:52587 --module-path=C:\Program Files\Java\javafx-sdk-23.0.1\lib --add-modules=javafx.controls,javafx.fxml -javaagent:C:\Users\Rendel Abainza\eclipse\java-2024-09\eclipse\configuration\org.eclipse.osgi\251\0\.cp\lib\javaagent-shaded.jar -Dfile.encoding=UTF-8 -Dstdout.encoding=UTF-8 -Dstderr.encoding=UTF-8 --module-path=C:\Program Files\Java\javafx-sdk-23.0.1\lib\javafx.base.jar;C:\Program Files\Java\javafx-sdk-23.0.1\lib\javafx.controls.jar;C:\Program Files\Java\javafx-sdk-23.0.1\lib\javafx.fxml.jar;C:\Program Files\Java\javafx-sdk-23.0.1\lib\javafx.graphics.jar;C:\Program Files\Java\javafx-sdk-23.0.1\lib\javafx.media.jar;C:\Program Files\Java\javafx-sdk-23.0.1\lib\javafx.swing.jar;C:\Program Files\Java\javafx-sdk-23.0.1\lib\javafx.web.jar;C:\Program Files\Java\javafx-sdk-23.0.1\lib\javafx-swt.jar;E:\My Files\College\3rd Year - 1st Sem\AppDev\Project\RentEase-Application\lib\mysql-connector-j-9.1.0.jar main.Main

Host: Intel(R) Core(TM) i5-14500HX, 20 cores, 15G,  Windows 11 , 64 bit Build 22621 (10.0.22621.4830)
Time: Mon Feb  3 03:41:45 2025 Malay Peninsula Standard Time elapsed time: 43.254959 seconds (0d 0h 0m 43s)

---------------  T H R E A D  ---------------

Current thread (0x000002497fbbd5e0):  JavaThread "JavaFX Application Thread"        [_thread_in_Java, id=51780, stack(0x0000009430900000,0x0000009430a00000) (1024K)]

Stack: [0x0000009430900000,0x0000009430a00000],  sp=0x00000094309fc870,  free space=1010k
Native frames: (J=compiled Java code, j=interpreted, Vv=VM code, C=native code)
C  0x00000249289e5148  (no source info available)

The last pc belongs to invokestatic (printed below).

siginfo: EXCEPTION_ACCESS_VIOLATION (0xc0000005), reading address 0xffffffffffffffff


Registers:
RAX=0x000002497bb7de28, RBX=0x000002497b01fed0, RCX=0x000002493a011468, RDX=0x0000000000000002
RSP=0x00000094309fc870, RBP=0x00000094309fc8c8, RSI=0x000002497f540638, RDI=0x0000024939a15520
R8 =0x0000000000000005, R9 =0x0000000000000005, R10=0x00007ffb480f3560, R11=0x000002493a1e5a98
R12=0x0000000000000000, R13=0xfffffffffffffff7, R14=0x00000094309fc8e8, R15=0x000002497fbbd5e0
RIP=0x00000249289e5148, EFLAGS=0x0000000000010282


Register to memory mapping:

RAX=0x000002497bb7de28 is pointing into metadata
RBX={method} {0x000002497b01fed8} 'linkToSpecial' '(Ljava/lang/Object;Ljava/lang/invoke/MemberName;)V' in 'java/lang/invoke/MethodHandle'
RCX=0x000002493a011468 is pointing into metadata
RDX=0x0000000000000002 is an unknown value
RSP=0x00000094309fc870 is pointing into the stack for thread: 0x000002497fbbd5e0
RBP=0x00000094309fc8c8 is pointing into the stack for thread: 0x000002497fbbd5e0
RSI=0x000002497f540638 points into unknown readable memory: 0x88000515aab37833 | 33 78 b3 aa 15 05 00 88
RDI=0x0000024939a15520 points into unknown readable memory: 0x0000001800000070 | 70 00 00 00 18 00 00 00
R8 =0x0000000000000005 is an unknown value
R9 =0x0000000000000005 is an unknown value
R10=0x00007ffb480f3560 jvm.dll
R11={method} {0x000002493a1e5aa0} 'newInvokeSpecial' '(Ljava/lang/Object;)Ljava/lang/Object;' in 'java/lang/invoke/DirectMethodHandle$Holder'
R12=0x0 is null
R13=0xfffffffffffffff7 is an unknown value
R14=0x00000094309fc8e8 is pointing into the stack for thread: 0x000002497fbbd5e0
R15=0x000002497fbbd5e0 is a thread

Top of Stack: (sp=0x00000094309fc870)
0x00000094309fc870:   00000249289c9054 0000000705cacdc8
0x00000094309fc880:   fffffffffffffff7 000002493a7f220f
0x00000094309fc890:   0000000000000004 000002493a1e1d88
0x00000094309fc8a0:   000002497bb7de20 0000000704807a70
0x00000094309fc8b0:   000002493a1e5a98 0000000000000000
0x00000094309fc8c0:   00000094309fc8f0 00000094309fcd30
0x00000094309fc8d0:   0000024921aa4ac3 0000000705cacd20
0x00000094309fc8e0:   0000000705cacdc8 0000000705cacd80
0x00000094309fc8f0:   00000249289c9581 0000000705cacdb0
0x00000094309fc900:   0000000000000000 fffffffffffffff7
0x00000094309fc910:   000002493acab858 0000000000000004
0x00000094309fc920:   000002493a476ca8 0000000000000000
0x00000094309fc930:   00000007048aad60 000002493a4767e8
0x00000094309fc940:   0000000000000000 00000094309fc968
0x00000094309fc950:   00000094309fc9c0 00000249289c9054
0x00000094309fc960:   0000000000000000 0000000705cacdb0
0x00000094309fc970:   0000000705cacb08 fffffffffffffff7
0x00000094309fc980:   000002493acab868 0000000000000004
0x00000094309fc990:   000002493a476ca8 0000000000000000
0x00000094309fc9a0:   0000000705cacdb0 0000000705cacb98
0x00000094309fc9b0:   0000000000000000 00000094309fc9d8
0x00000094309fc9c0:   00000094309fca30 00000249289c9054
0x00000094309fc9d0:   0000000705cacb08 0000000705cacdb0
0x00000094309fc9e0:   0000000705cacd80 fffffffffffffff7
0x00000094309fc9f0:   000002493acab96e 0000000000000004
0x00000094309fca00:   000002493a476ca8 000002497c4aa1d8
0x00000094309fca10:   00000007048aad60 000002493a476898
0x00000094309fca20:   0000000000000000 00000094309fca60
0x00000094309fca30:   00000094309fcd30 0000024921aa2024
0x00000094309fca40:   0000000705cacdb0 0000024921aa3c04
0x00000094309fca50:   00000094309fcd30 0000024921aa21c2
0x00000094309fca60:   00000094309fca60 00007ffb480bad41 

Instructions: (pc=0x00000249289e5148)
0x00000249289e5048:   ff d0 48 83 c4 20 ff e0 49 83 7f 08 00 0f 84 05
0x00000249289e5058:   00 00 00 e9 60 be fd ff 4c 8b 6d c0 4c 8b 75 c8
0x00000249289e5068:   4e 8d 74 f5 00 c3 48 8b 4d d0 41 0f b7 55 01 48
0x00000249289e5078:   8b 49 30 6b d2 18 48 8d 4c 11 08 48 8b 19 48 8b
0x00000249289e5088:   5b 08 48 8b 5b 08 48 8b 5b 18 80 bb 31 01 00 00
0x00000249289e5098:   04 0f 84 0d 00 00 00 4c 3b bb 38 01 00 00 0f 85
0x00000249289e50a8:   63 fe ff ff 0f b6 51 15 48 8b 19 4c 89 6d c0 44
0x00000249289e50b8:   8b ea 0f b6 51 14 49 ba 60 35 0f 48 fb 7f 00 00
0x00000249289e50c8:   49 8b 14 d2 52 41 8b d5 4c 8b 6d c0 48 8b 45 d8
0x00000249289e50d8:   48 85 c0 0f 84 12 00 00 00 48 83 40 08 01 48 83
0x00000249289e50e8:   58 08 00 48 83 c0 10 48 89 45 d8 48 8b 45 d8 48
0x00000249289e50f8:   85 c0 0f 84 3d 01 00 00 80 78 f0 0a 0f 85 33 01
0x00000249289e5108:   00 00 48 83 c0 08 4c 8b 68 f8 41 83 ed 00 41 83
0x00000249289e5118:   fd 02 0f 8c 12 01 00 00 4c 8b 6b 08 45 0f b7 6d
0x00000249289e5128:   2e 4c 2b 28 41 83 ed 01 4e 8b 6c ec 08 4d 85 ed
0x00000249289e5138:   75 0e f6 40 08 01 75 58 f0 48 83 48 08 01 eb 50
0x00000249289e5148:   45 8b 6d 08 49 ba 00 00 00 3a 49 02 00 00 4d 03
0x00000249289e5158:   ea 4d 8b d5 4c 33 68 08 49 f7 c5 fc ff ff ff 74
0x00000249289e5168:   2f 41 f6 c5 02 75 29 48 83 78 08 00 74 1e 48 83
0x00000249289e5178:   78 08 01 74 17 4d 8b ea 4c 33 68 08 49 f7 c5 fc
0x00000249289e5188:   ff ff ff 74 0b 48 83 48 08 02 eb 04 4c 89 68 08
0x00000249289e5198:   48 83 c0 10 4c 8b 68 e8 41 83 ed 02 41 83 fd 02
0x00000249289e51a8:   0f 8c 84 00 00 00 4c 8b 6b 08 45 0f b7 6d 2e 4c
0x00000249289e51b8:   2b 28 41 83 ed 01 4e 8b 6c ec 08 4d 85 ed 75 0e
0x00000249289e51c8:   f6 40 08 01 75 58 f0 48 83 48 08 01 eb 50 45 8b
0x00000249289e51d8:   6d 08 49 ba 00 00 00 3a 49 02 00 00 4d 03 ea 4d
0x00000249289e51e8:   8b d5 4c 33 68 08 49 f7 c5 fc ff ff ff 74 2f 41
0x00000249289e51f8:   f6 c5 02 75 29 48 83 78 08 00 74 1e 48 83 78 08
0x00000249289e5208:   01 74 17 4d 8b ea 4c 33 68 08 49 f7 c5 fc ff ff
0x00000249289e5218:   ff 74 0b 48 83 48 08 02 eb 04 4c 89 68 08 48 83
0x00000249289e5228:   c0 10 4c 8b 68 d8 41 83 ed 04 41 c1 e5 03 49 03
0x00000249289e5238:   c5 48 89 45 d8 4c 8d 6c 24 08 49 8b cd 48 2b cd 


Stack slot to memory mapping:

stack at sp + 0 slots: 0x00000249289c9054 is at code_begin+3476 in an Interpreter codelet
return entry points  [0x00000249289c82c0, 0x00000249289ca4c0]  8704 bytes
stack at sp + 1 slots: 0x0000000705cacdc8 is an oop: controller.BalanceDueController 
{0x0000000705cacdc8} - klass: 'controller/BalanceDueController'
 - ---- fields (total size 14 words):
 - private 'balance_due_btn' 'Ljavafx/scene/text/Text;' @12  null (0x00000000)
 - private 'create_invoice_btn' 'Ljavafx/scene/text/Text;' @16  null (0x00000000)
 - private 'dashboard_btn' 'Ljavafx/scene/text/Text;' @20  null (0x00000000)
 - private 'edit_invoice_btn' 'Ljavafx/scene/text/Text;' @24  null (0x00000000)
 - private 'help_btn' 'Ljavafx/scene/text/Text;' @28  null (0x00000000)
 - private 'logout_btn' 'Ljavafx/scene/control/Button;' @32  null (0x00000000)
 - private 'my_profile_btn' 'Ljavafx/scene/text/Text;' @36  null (0x00000000)
 - private 'payment_history_btn' 'Ljavafx/scene/text/Text;' @40  null (0x00000000)
 - private 'payment_history_filter_btn' 'Ljavafx/scene/control/Button;' @44  null (0x00000000)
 - private 'payment_history_month_cmb_box' 'Ljavafx/scene/control/ComboBox;' @48  null (0x00000000)
 - private 'balance_due_table_view' 'Ljavafx/scene/control/TableView;' @52  null (0x00000000)
 - private 'payment_history_year_cmb_box' 'Ljavafx/scene/control/ComboBox;' @56  null (0x00000000)
 - private 'total_properties_text' 'Ljavafx/scene/text/Text;' @60  null (0x00000000)
 - private 'total_revenue_text' 'Ljavafx/scene/text/Text;' @64  null (0x00000000)
 - private 'total_units_text' 'Ljavafx/scene/text/Text;' @68  null (0x00000000)
 - private 'advance' 'Ljavafx/scene/control/TableColumn;' @72  null (0x00000000)
 - private 'amount' 'Ljavafx/scene/control/TableColumn;' @76  null (0x00000000)
 - private 'bill_type' 'Ljavafx/scene/control/TableColumn;' @80  null (0x00000000)
 - private 'date' 'Ljavafx/scene/control/TableColumn;' @84  null (0x00000000)
 - private 'deposit' 'Ljavafx/scene/control/TableColumn;' @88  null (0x00000000)
 - private 'receipt' 'Ljavafx/scene/control/TableColumn;' @92  null (0x00000000)
 - private 'property' 'Ljavafx/scene/control/TableColumn;' @96  null (0x00000000)
 - private 'status' 'Ljavafx/scene/control/TableColumn;' @100  null (0x00000000)
 - private 'unit' 'Ljavafx/scene/control/TableColumn;' @104  null (0x00000000)
stack at sp + 2 slots: 0xfffffffffffffff7 is an unknown value
stack at sp + 3 slots: 0x000002493a7f220f is pointing into metadata
stack at sp + 4 slots: 0x0000000000000004 is an unknown value
stack at sp + 5 slots: 0x000002493a1e1d88 is pointing into metadata
stack at sp + 6 slots: 0x000002497bb7de20 is pointing into metadata
stack at sp + 7 slots: 0x0000000704807a70 is an oop: java.lang.Class 
{0x0000000704807a70} - klass: 'java/lang/Class'
 - ---- fields (total size 14 words):
 - private volatile transient 'classRedefinedCount' 'I' @12  0 (0x00000000)
 - injected 'klass' 'J' @16  2513530919808 (0x000002493a1e1b80)
 - injected 'array_klass' 'J' @24  0 (0x0000000000000000)
 - injected 'oop_size' 'I' @32  14 (0x0000000e)
 - injected 'static_oop_field_count' 'I' @36  0 (0x00000000)
 - private volatile transient 'cachedConstructor' 'Ljava/lang/reflect/Constructor;' @40  null (0x00000000)
 - private transient 'name' 'Ljava/lang/String;' @44  null (0x00000000)
 - private transient 'module' 'Ljava/lang/Module;' @48  a 'java/lang/Module'{0x00000007048032b8} (0xe0900657)
 - private final 'classLoader' 'Ljava/lang/ClassLoader;' @52  null (0x00000000)
 - private transient 'classData' 'Ljava/lang/Object;' @56  null (0x00000000)
 - private transient 'packageName' 'Ljava/lang/String;' @60  null (0x00000000)
 - private final 'componentType' 'Ljava/lang/Class;' @64  null (0x00000000)
 - private volatile transient 'reflectionData' 'Ljava/lang/ref/SoftReference;' @68  null (0x00000000)
 - private volatile transient 'genericInfo' 'Lsun/reflect/generics/repository/ClassRepository;' @72  null (0x00000000)
 - private volatile transient 'enumConstants' '[Ljava/lang/Object;' @76  null (0x00000000)
 - private volatile transient 'enumConstantDirectory' 'Ljava/util/Map;' @80  null (0x00000000)
 - private volatile transient 'annotationData' 'Ljava/lang/Class$AnnotationData;' @84  null (0x00000000)
 - private volatile transient 'annotationType' 'Lsun/reflect/annotation/AnnotationType;' @88  null (0x00000000)
 - transient 'classValueMap' 'Ljava/lang/ClassValue$ClassValueMap;' @92  null (0x00000000)
 - injected 'protection_domain' 'Ljava/lang/Object;' @96  null (0x00000000)
 - injected 'signers_name' 'Ljava/lang/Object;' @100  null (0x00000000)
 - injected 'source_file' 'Ljava/lang/Object;' @104  null (0x00000000)
 - signature: Ljava/lang/invoke/DirectMethodHandle$Holder;
 - ---- static fields (0):

Lock stack of current Java thread (top to bottom):

invokestatic  184 invokestatic  [0x00000249289e4ec0, 0x00000249289e5260]  928 bytes
[MachCode]
  0x00000249289e4ec0: 4883 ec08 | c5fa 1104 | 24eb 1f48 | 83ec 10c5 | fb11 0424 | eb14 4883 | ec10 4889 | 0424 48c7 
  0x00000249289e4ee0: 4424 0800 | 0000 00eb | 0150 488b | 4dd0 410f | b755 0148 | 8b49 306b | d218 488d | 4c11 080f 
  0x00000249289e4f00: b659 1681 | fbb8 0000 | 000f 8474 | 0100 00bb | b800 0000 | e805 0000 | 00e9 5001 | 0000 488b 
  0x00000249289e4f20: d348 8d44 | 2408 4c89 | 6dc0 498b | cfc5 f877 | 4989 afb0 | 0300 0049 | 8987 a003 | 0000 4883 
  0x00000249289e4f40: ec20 40f6 | c40f 0f84 | 1900 0000 | 4883 ec08 | 48b8 6051 | 8447 fb7f | 0000 ffd0 | 4883 c408 
  0x00000249289e4f60: e90c 0000 | 0048 b860 | 5184 47fb | 7f00 00ff | d048 83c4 | 2049 c787 | a003 0000 | 0000 0000 
  0x00000249289e4f80: 49c7 87b0 | 0300 0000 | 0000 0049 | c787 a803 | 0000 0000 | 0000 c5f8 | 7741 8b8f | 2c05 0000 
  0x00000249289e4fa0: f6c1 010f | 8442 0000 | 00f6 c102 | 0f85 3900 | 0000 4883 | ec20 40f6 | c40f 0f84 | 1900 0000 
  0x00000249289e4fc0: 4883 ec08 | 48b8 10fc | 8347 fb7f | 0000 ffd0 | 4883 c408 | e90c 0000 | 0048 b810 | fc83 47fb 
  0x00000249289e4fe0: 7f00 00ff | d048 83c4 | 20ff e049 | 8b8f d805 | 0000 4885 | c90f 8455 | 0000 008b | 899c 0000 
  0x00000249289e5000: 0083 f901 | 0f85 4600 | 0000 498b | 8fd8 0500 | 008b 89a0 | 0000 0048 | 83ec 2040 | f6c4 0f0f 
  0x00000249289e5020: 8419 0000 | 0048 83ec | 0848 b800 | fc83 47fb | 7f00 00ff | d048 83c4 | 08e9 0c00 | 0000 48b8 
  0x00000249289e5040: 00fc 8347 | fb7f 0000 | ffd0 4883 | c420 ffe0 | 4983 7f08 | 000f 8405 | 0000 00e9 | 60be fdff 
  0x00000249289e5060: 4c8b 6dc0 | 4c8b 75c8 | 4e8d 74f5 | 00c3 488b | 4dd0 410f | b755 0148 | 8b49 306b | d218 488d 
  0x00000249289e5080: 4c11 0848 | 8b19 488b | 5b08 488b | 5b08 488b | 5b18 80bb | 3101 0000 | 040f 840d | 0000 004c 
  0x00000249289e50a0: 3bbb 3801 | 0000 0f85 | 63fe ffff | 0fb6 5115 | 488b 194c | 896d c044 | 8bea 0fb6 | 5114 49ba 
  0x00000249289e50c0: 6035 0f48 | fb7f 0000 | 498b 14d2 | 5241 8bd5 | 4c8b 6dc0 | 488b 45d8 | 4885 c00f | 8412 0000 
  0x00000249289e50e0: 0048 8340 | 0801 4883 | 5808 0048 | 83c0 1048 | 8945 d848 | 8b45 d848 | 85c0 0f84 | 3d01 0000 
  0x00000249289e5100: 8078 f00a | 0f85 3301 | 0000 4883 | c008 4c8b | 68f8 4183 | ed00 4183 | fd02 0f8c | 1201 0000 
  0x00000249289e5120: 4c8b 6b08 | 450f b76d | 2e4c 2b28 | 4183 ed01 | 4e8b 6cec | 084d 85ed | 750e f640 | 0801 7558 
  0x00000249289e5140: f048 8348 | 0801 eb50 | 458b 6d08 | 49ba 0000 | 003a 4902 | 0000 4d03 | ea4d 8bd5 | 4c33 6808 
  0x00000249289e5160: 49f7 c5fc | ffff ff74 | 2f41 f6c5 | 0275 2948 | 8378 0800 | 741e 4883 | 7808 0174 | 174d 8bea 
  0x00000249289e5180: 4c33 6808 | 49f7 c5fc | ffff ff74 | 0b48 8348 | 0802 eb04 | 4c89 6808 | 4883 c010 | 4c8b 68e8 
  0x00000249289e51a0: 4183 ed02 | 4183 fd02 | 0f8c 8400 | 0000 4c8b | 6b08 450f | b76d 2e4c | 2b28 4183 | ed01 4e8b 
  0x00000249289e51c0: 6cec 084d | 85ed 750e | f640 0801 | 7558 f048 | 8348 0801 | eb50 458b | 6d08 49ba | 0000 003a 
  0x00000249289e51e0: 4902 0000 | 4d03 ea4d | 8bd5 4c33 | 6808 49f7 | c5fc ffff | ff74 2f41 | f6c5 0275 | 2948 8378 
  0x00000249289e5200: 0800 741e | 4883 7808 | 0174 174d | 8bea 4c33 | 6808 49f7 | c5fc ffff | ff74 0b48 | 8348 0802 
  0x00000249289e5220: eb04 4c89 | 6808 4883 | c010 4c8b | 68d8 4183 | ed04 41c1 | e503 4903 | c548 8945 | d84c 8d6c 
  0x00000249289e5240: 2408 498b | cd48 2bcd | 48c1 f903 | 4889 4df0 | 4180 bfe0 | 0500 0000 | 7403 ff63 | 38ff 6350 
[/MachCode]

---------------  P R O C E S S  ---------------

Threads class SMR info:
_java_thread_list=0x0000024939dde5c0, length=22, elements={
0x0000024916b25710, 0x0000024939280630, 0x0000024939281550, 0x0000024939283320,
0x00000249392860f0, 0x0000024939287dc0, 0x0000024939288bd0, 0x000002493928a970,
0x00000249392957d0, 0x00000249393d7f70, 0x000002497f009080, 0x0000024939d975d0,
0x000002497f206fe0, 0x000002497f02b570, 0x000002497f076f00, 0x000002497f549240,
0x000002497fbbd5e0, 0x0000024903021680, 0x0000024903023750, 0x0000024903022a30,
0x00000249030230c0, 0x000002490b0a6240
}

Java Threads: ( => current thread )
  0x0000024916b25710 JavaThread "main"                              [_thread_blocked, id=46024, stack(0x000000942f300000,0x000000942f400000) (1024K)]
  0x0000024939280630 JavaThread "Reference Handler"          daemon [_thread_blocked, id=56960, stack(0x000000942fb00000,0x000000942fc00000) (1024K)]
  0x0000024939281550 JavaThread "Finalizer"                  daemon [_thread_blocked, id=55444, stack(0x000000942fc00000,0x000000942fd00000) (1024K)]
  0x0000024939283320 JavaThread "Signal Dispatcher"          daemon [_thread_blocked, id=57296, stack(0x000000942fd00000,0x000000942fe00000) (1024K)]
  0x00000249392860f0 JavaThread "Attach Listener"            daemon [_thread_blocked, id=53348, stack(0x000000942fe00000,0x000000942ff00000) (1024K)]
  0x0000024939287dc0 JavaThread "Service Thread"             daemon [_thread_blocked, id=56760, stack(0x000000942ff00000,0x0000009430000000) (1024K)]
  0x0000024939288bd0 JavaThread "Monitor Deflation Thread"   daemon [_thread_blocked, id=49140, stack(0x0000009430000000,0x0000009430100000) (1024K)]
  0x000002493928a970 JavaThread "C2 CompilerThread0"         daemon [_thread_blocked, id=15492, stack(0x0000009430100000,0x0000009430200000) (1024K)]
  0x00000249392957d0 JavaThread "C1 CompilerThread0"         daemon [_thread_blocked, id=13512, stack(0x0000009430200000,0x0000009430300000) (1024K)]
  0x00000249393d7f70 JavaThread "Common-Cleaner"             daemon [_thread_blocked, id=49640, stack(0x0000009430400000,0x0000009430500000) (1024K)]
  0x000002497f009080 JavaThread "JDWP Transport Listener: dt_socket" daemon [_thread_blocked, id=55300, stack(0x0000009430e00000,0x0000009430f00000) (1024K)]
  0x0000024939d975d0 JavaThread "JDWP Event Helper Thread"   daemon [_thread_blocked, id=53264, stack(0x0000009430f00000,0x0000009431000000) (1024K)]
  0x000002497f206fe0 JavaThread "JDWP Command Reader"        daemon [_thread_in_native, id=56896, stack(0x0000009431000000,0x0000009431100000) (1024K)]
  0x000002497f02b570 JavaThread "Notification Thread"        daemon [_thread_blocked, id=54896, stack(0x0000009431100000,0x0000009431200000) (1024K)]
  0x000002497f076f00 JavaThread "QuantumRenderer-0"          daemon [_thread_blocked, id=57048, stack(0x0000009430d00000,0x0000009430e00000) (1024K)]
  0x000002497f549240 JavaThread "InvokeLaterDispatcher"      daemon [_thread_blocked, id=55668, stack(0x0000009430800000,0x0000009430900000) (1024K)]
=>0x000002497fbbd5e0 JavaThread "JavaFX Application Thread"         [_thread_in_Java, id=51780, stack(0x0000009430900000,0x0000009430a00000) (1024K)]
  0x0000024903021680 JavaThread "JavaFX-Launcher"                   [_thread_blocked, id=55636, stack(0x0000009430c00000,0x0000009430d00000) (1024K)]
  0x0000024903023750 JavaThread "Thread-2"                   daemon [_thread_in_native, id=57324, stack(0x0000009430b00000,0x0000009430c00000) (1024K)]
  0x0000024903022a30 JavaThread "Prism Font Disposer"        daemon [_thread_blocked, id=52576, stack(0x0000009432e00000,0x0000009432f00000) (1024K)]
  0x00000249030230c0 JavaThread "Cleaner-0"                  daemon [_thread_blocked, id=55816, stack(0x0000009432f00000,0x0000009433000000) (1024K)]
  0x000002490b0a6240 JavaThread "mysql-cj-abandoned-connection-cleanup" daemon [_thread_blocked, id=45696, stack(0x0000009430700000,0x0000009430800000) (1024K)]
Total: 22

Other Threads:
  0x0000024939266970 VMThread "VM Thread"                           [id=52160, stack(0x000000942fa00000,0x000000942fb00000) (1024K)]
  0x0000024939255ef0 WatcherThread "VM Periodic Task Thread"        [id=55324, stack(0x000000942f900000,0x000000942fa00000) (1024K)]
  0x0000024918ea7250 WorkerThread "GC Thread#0"                     [id=1828, stack(0x000000942f400000,0x000000942f500000) (1024K)]
  0x0000024902e23ab0 WorkerThread "GC Thread#1"                     [id=54100, stack(0x0000009431700000,0x0000009431800000) (1024K)]
  0x0000024902e30910 WorkerThread "GC Thread#2"                     [id=51616, stack(0x0000009431800000,0x0000009431900000) (1024K)]
  0x0000024902dfab90 WorkerThread "GC Thread#3"                     [id=55292, stack(0x0000009431900000,0x0000009431a00000) (1024K)]
  0x0000024902dfbb60 WorkerThread "GC Thread#4"                     [id=56280, stack(0x0000009431a00000,0x0000009431b00000) (1024K)]
  0x0000024902dfc730 WorkerThread "GC Thread#5"                     [id=56196, stack(0x0000009431b00000,0x0000009431c00000) (1024K)]
  0x0000024902d46140 WorkerThread "GC Thread#6"                     [id=49300, stack(0x0000009431c00000,0x0000009431d00000) (1024K)]
  0x0000024902d47000 WorkerThread "GC Thread#7"                     [id=56796, stack(0x0000009431d00000,0x0000009431e00000) (1024K)]
  0x0000024902d46c50 WorkerThread "GC Thread#8"                     [id=56688, stack(0x0000009432400000,0x0000009432500000) (1024K)]
  0x0000024902d45d90 WorkerThread "GC Thread#9"                     [id=53240, stack(0x0000009432500000,0x0000009432600000) (1024K)]
  0x00000249031deb00 WorkerThread "GC Thread#10"                    [id=45024, stack(0x0000009432900000,0x0000009432a00000) (1024K)]
  0x00000249031deeb0 WorkerThread "GC Thread#11"                    [id=56452, stack(0x0000009432a00000,0x0000009432b00000) (1024K)]
  0x00000249031df260 WorkerThread "GC Thread#12"                    [id=57216, stack(0x0000009432b00000,0x0000009432c00000) (1024K)]
  0x00000249031df610 WorkerThread "GC Thread#13"                    [id=57008, stack(0x0000009432c00000,0x0000009432d00000) (1024K)]
  0x00000249031df9c0 WorkerThread "GC Thread#14"                    [id=52740, stack(0x0000009432d00000,0x0000009432e00000) (1024K)]
  0x0000024918ebbc10 ConcurrentGCThread "G1 Main Marker"            [id=15600, stack(0x000000942f500000,0x000000942f600000) (1024K)]
  0x0000024918ebc630 WorkerThread "G1 Conc#0"                       [id=57024, stack(0x000000942f600000,0x000000942f700000) (1024K)]
  0x00000249031e0c30 WorkerThread "G1 Conc#1"                       [id=53140, stack(0x0000009432100000,0x0000009432200000) (1024K)]
  0x00000249031dfd70 WorkerThread "G1 Conc#2"                       [id=54384, stack(0x0000009432200000,0x0000009432300000) (1024K)]
  0x00000249031e1390 WorkerThread "G1 Conc#3"                       [id=54716, stack(0x0000009432300000,0x0000009432400000) (1024K)]
  0x0000024939126630 ConcurrentGCThread "G1 Refine#0"               [id=55400, stack(0x000000942f700000,0x000000942f800000) (1024K)]
  0x00000249391270c0 ConcurrentGCThread "G1 Service"                [id=52772, stack(0x000000942f800000,0x000000942f900000) (1024K)]
Total: 24

Threads with active compile tasks:
Total: 0

VM state: not at safepoint (normal execution)

VM Mutex/Monitor currently owned by a thread: None

Heap address: 0x0000000704800000, size: 4024 MB, Compressed Oops mode: Zero based, Oop shift amount: 3

CDS archive(s) mapped at: [0x000002493a000000-0x000002493ad70000-0x000002493ad70000), size 14090240, SharedBaseAddress: 0x000002493a000000, ArchiveRelocationMode: 1.
Compressed class space mapped at: 0x000002493b000000-0x000002497b000000, reserved size: 1073741824
Narrow klass base: 0x000002493a000000, Narrow klass shift: 0, Narrow klass range: 0x41000000

GC Precious Log:
 CardTable entry size: 512
 Card Set container configuration: InlinePtr #cards 4 size 8 Array Of Cards #cards 16 size 48 Howl #buckets 8 coarsen threshold 3686 Howl Bitmap #cards 512 size 80 coarsen threshold 460 Card regions per heap region 1 cards per card region 4096
 CPUs: 20 total, 20 available
 Memory: 16088M
 Large Page Support: Disabled
 NUMA Support: Disabled
 Compressed Oops: Enabled (Zero based)
 Heap Region Size: 2M
 Heap Min Capacity: 8M
 Heap Initial Capacity: 252M
 Heap Max Capacity: 4024M
 Pre-touch: Disabled
 Parallel Workers: 15
 Concurrent Workers: 4
 Concurrent Refinement Workers: 15
 Periodic GC: Disabled

Heap:
 garbage-first heap   total reserved 4120576K, committed 75776K, used 64360K [0x0000000704800000, 0x0000000800000000)
  region size 2048K, 27 young (55296K), 4 survivors (8192K)
 Metaspace       used 29021K, committed 29376K, reserved 1114112K
  class space    used 4107K, committed 4288K, reserved 1048576K

Heap Regions: E=young(eden), S=young(survivor), O=old, HS=humongous(starts), HC=humongous(continues), CS=collection set, F=free, TAMS=top-at-mark-start, PB=parsable bottom
|   0|0x0000000704800000, 0x0000000704a00000, 0x0000000704a00000|100%| O|  |TAMS 0x0000000704800000| PB 0x0000000704800000| Untracked |  0
|   1|0x0000000704a00000, 0x0000000704c00000, 0x0000000704c00000|100%| O|  |TAMS 0x0000000704a00000| PB 0x0000000704a00000| Untracked |  0
|   2|0x0000000704c00000, 0x0000000704e00000, 0x0000000704e00000|100%|HS|  |TAMS 0x0000000704c00000| PB 0x0000000704c00000| Complete |  0
|   3|0x0000000704e00000, 0x0000000705000000, 0x0000000705000000|100%|HC|  |TAMS 0x0000000704e00000| PB 0x0000000704e00000| Complete |  0
|   4|0x0000000705000000, 0x0000000705200000, 0x0000000705200000|100%|HC|  |TAMS 0x0000000705000000| PB 0x0000000705000000| Complete |  0
|   5|0x0000000705200000, 0x0000000705400000, 0x0000000705400000|100%|HS|  |TAMS 0x0000000705200000| PB 0x0000000705200000| Complete |  0
|   6|0x0000000705400000, 0x0000000705457ee8, 0x0000000705600000| 17%| O|  |TAMS 0x0000000705400000| PB 0x0000000705400000| Untracked |  0
|   7|0x0000000705600000, 0x0000000705600000, 0x0000000705800000|  0%| F|  |TAMS 0x0000000705600000| PB 0x0000000705600000| Untracked |  0
|   8|0x0000000705800000, 0x0000000705800000, 0x0000000705a00000|  0%| F|  |TAMS 0x0000000705800000| PB 0x0000000705800000| Untracked |  0
|   9|0x0000000705a00000, 0x0000000705a00000, 0x0000000705c00000|  0%| F|  |TAMS 0x0000000705a00000| PB 0x0000000705a00000| Untracked |  0
|  10|0x0000000705c00000, 0x0000000705dbe240, 0x0000000705e00000| 87%| E|  |TAMS 0x0000000705c00000| PB 0x0000000705c00000| Complete |  0
|  11|0x0000000705e00000, 0x0000000706000000, 0x0000000706000000|100%| E|CS|TAMS 0x0000000705e00000| PB 0x0000000705e00000| Complete |  0
|  12|0x0000000706000000, 0x0000000706200000, 0x0000000706200000|100%| E|CS|TAMS 0x0000000706000000| PB 0x0000000706000000| Complete |  0
|  13|0x0000000706200000, 0x0000000706400000, 0x0000000706400000|100%| E|CS|TAMS 0x0000000706200000| PB 0x0000000706200000| Complete |  0
|  14|0x0000000706400000, 0x0000000706600000, 0x0000000706600000|100%| E|CS|TAMS 0x0000000706400000| PB 0x0000000706400000| Complete |  0
|  15|0x0000000706600000, 0x0000000706800000, 0x0000000706800000|100%| E|CS|TAMS 0x0000000706600000| PB 0x0000000706600000| Complete |  0
|  16|0x0000000706800000, 0x0000000706a00000, 0x0000000706a00000|100%| E|CS|TAMS 0x0000000706800000| PB 0x0000000706800000| Complete |  0
|  17|0x0000000706a00000, 0x0000000706c00000, 0x0000000706c00000|100%| E|CS|TAMS 0x0000000706a00000| PB 0x0000000706a00000| Complete |  0
|  18|0x0000000706c00000, 0x0000000706e00000, 0x0000000706e00000|100%| E|CS|TAMS 0x0000000706c00000| PB 0x0000000706c00000| Complete |  0
|  19|0x0000000706e00000, 0x0000000707000000, 0x0000000707000000|100%| E|CS|TAMS 0x0000000706e00000| PB 0x0000000706e00000| Complete |  0
|  20|0x0000000707000000, 0x0000000707200000, 0x0000000707200000|100%| E|CS|TAMS 0x0000000707000000| PB 0x0000000707000000| Complete |  0
|  21|0x0000000707200000, 0x0000000707400000, 0x0000000707400000|100%| E|CS|TAMS 0x0000000707200000| PB 0x0000000707200000| Complete |  0
|  22|0x0000000707400000, 0x0000000707600000, 0x0000000707600000|100%| E|CS|TAMS 0x0000000707400000| PB 0x0000000707400000| Complete |  0
|  23|0x0000000707600000, 0x0000000707800000, 0x0000000707800000|100%| E|CS|TAMS 0x0000000707600000| PB 0x0000000707600000| Complete |  0
|  24|0x0000000707800000, 0x0000000707a00000, 0x0000000707a00000|100%| E|CS|TAMS 0x0000000707800000| PB 0x0000000707800000| Complete |  0
|  25|0x0000000707a00000, 0x0000000707c00000, 0x0000000707c00000|100%| E|CS|TAMS 0x0000000707a00000| PB 0x0000000707a00000| Complete |  0
|  26|0x0000000707c00000, 0x0000000707e00000, 0x0000000707e00000|100%| E|CS|TAMS 0x0000000707c00000| PB 0x0000000707c00000| Complete |  0
|  27|0x0000000707e00000, 0x0000000708000000, 0x0000000708000000|100%| E|CS|TAMS 0x0000000707e00000| PB 0x0000000707e00000| Complete |  0
|  28|0x0000000708000000, 0x0000000708200000, 0x0000000708200000|100%| E|CS|TAMS 0x0000000708000000| PB 0x0000000708000000| Complete |  0
|  29|0x0000000708200000, 0x0000000708400000, 0x0000000708400000|100%| E|CS|TAMS 0x0000000708200000| PB 0x0000000708200000| Complete |  0
|  30|0x0000000708400000, 0x0000000708600000, 0x0000000708600000|100%| E|CS|TAMS 0x0000000708400000| PB 0x0000000708400000| Complete |  0
|  31|0x0000000708600000, 0x0000000708800000, 0x0000000708800000|100%| E|CS|TAMS 0x0000000708600000| PB 0x0000000708600000| Complete |  0
|  86|0x000000070f400000, 0x000000070f482140, 0x000000070f600000| 25%| S|CS|TAMS 0x000000070f400000| PB 0x000000070f400000| Complete |  0
|  87|0x000000070f600000, 0x000000070f800000, 0x000000070f800000|100%| S|CS|TAMS 0x000000070f600000| PB 0x000000070f600000| Complete |  0
|  88|0x000000070f800000, 0x000000070fa00000, 0x000000070fa00000|100%| S|CS|TAMS 0x000000070f800000| PB 0x000000070f800000| Complete |  0
|  89|0x000000070fa00000, 0x000000070fc00000, 0x000000070fc00000|100%| S|CS|TAMS 0x000000070fa00000| PB 0x000000070fa00000| Complete |  0
| 125|0x0000000714200000, 0x0000000714400000, 0x0000000714400000|100%| E|CS|TAMS 0x0000000714200000| PB 0x0000000714200000| Complete |  0

Card table byte_map: [0x0000024931900000,0x00000249320e0000] _byte_map_base: 0x000002492e0dc000

Marking Bits: (CMBitMap*) 0x0000024918ea7870
 Bits: [0x00000249320e0000, 0x0000024935fc0000)

Polling page: 0x0000024918600000

Metaspace:

Usage:
  Non-class:     24.33 MB used.
      Class:      4.01 MB used.
       Both:     28.34 MB used.

Virtual space:
  Non-class space:       64.00 MB reserved,      24.50 MB ( 38%) committed,  1 nodes.
      Class space:        1.00 GB reserved,       4.19 MB ( <1%) committed,  1 nodes.
             Both:        1.06 GB reserved,      28.69 MB (  3%) committed. 

Chunk freelists:
   Non-Class:  7.12 MB
       Class:  11.66 MB
        Both:  18.78 MB

MaxMetaspaceSize: unlimited
CompressedClassSpaceSize: 1.00 GB
Initial GC threshold: 21.00 MB
Current GC threshold: 35.12 MB
CDS: on
 - commit_granule_bytes: 65536.
 - commit_granule_words: 8192.
 - virtual_space_node_default_size: 8388608.
 - enlarge_chunks_in_place: 1.
 - use_allocation_guard: 0.


Internal statistics:

num_allocs_failed_limit: 3.
num_arena_births: 342.
num_arena_deaths: 0.
num_vsnodes_births: 2.
num_vsnodes_deaths: 0.
num_space_committed: 459.
num_space_uncommitted: 0.
num_chunks_returned_to_freelist: 3.
num_chunks_taken_from_freelist: 1098.
num_chunk_merges: 3.
num_chunk_splits: 783.
num_chunks_enlarged: 627.
num_inconsistent_stats: 0.

CodeHeap 'non-profiled nmethods': size=119232Kb used=2741Kb max_used=2741Kb free=116490Kb
 bounds [0x0000024929100000, 0x00000249293b0000, 0x0000024930570000]
CodeHeap 'profiled nmethods': size=119104Kb used=7366Kb max_used=7366Kb free=111737Kb
 bounds [0x0000024921570000, 0x0000024921cb0000, 0x00000249289c0000]
CodeHeap 'non-nmethods': size=7424Kb used=1986Kb max_used=3792Kb free=5437Kb
 bounds [0x00000249289c0000, 0x0000024928d80000, 0x0000024929100000]
CodeCache: size=245760Kb, used=12093Kb, max_used=13899Kb, free=233664Kb
 total_blobs=5568, nmethods=4636, adapters=837, full_count=0
Compilation: enabled, stopped_count=0, restarted_count=0

Compilation events (20 events):
Event: 6.872 Thread 0x0000024939309f30 4629   !   3       com.sun.javafx.tk.quantum.QuantumToolkit::pulseFromQueue (19 bytes)
Event: 6.872 Thread 0x000002493948fa50 4630       3       com.sun.javafx.tk.quantum.QuantumToolkit::pulse (6 bytes)
Event: 6.872 Thread 0x00000249392957d0 nmethod 4627 0x0000024921c9d708 code [0x0000024921c9d860, 0x0000024921c9db98]
Event: 6.872 Thread 0x000002493948fa50 nmethod 4630 0x0000024921c9dc08 code [0x0000024921c9dd20, 0x0000024921c9de70]
Event: 6.872 Thread 0x00000249392957d0 4631       3       com.sun.javafx.tk.quantum.PrimaryTimer::recordStart (8 bytes)
Event: 6.872 Thread 0x000002493948fa50 4632       3       com.sun.scenario.animation.AnimationPulse::recordStart (27 bytes)
Event: 6.872 Thread 0x0000024939309f30 nmethod 4629 0x0000024921c9df08 code [0x0000024921c9e0c0, 0x0000024921c9e6c0]
Event: 6.873 Thread 0x000002493948f390 nmethod 4628 0x0000024921c9e708 code [0x0000024921c9e8e0, 0x0000024921c9ef70]
Event: 6.873 Thread 0x00000249392957d0 nmethod 4631 0x0000024921c9f008 code [0x0000024921c9f140, 0x0000024921c9f308]
Event: 6.873 Thread 0x0000024939309f30 4633       3       com.sun.javafx.tk.quantum.PrimaryTimer::recordAnimationEnd (7 bytes)
Event: 6.874 Thread 0x000002493948fa50 nmethod 4632 0x0000024921c9f388 code [0x0000024921c9f4e0, 0x0000024921c9f7d0]
Event: 6.874 Thread 0x0000024939309f30 nmethod 4633 0x0000024921c9f808 code [0x0000024921c9f980, 0x0000024921c9fe10]
Event: 6.981 Thread 0x0000024939309f30 4634       1       com.sun.javafx.stage.WindowEventDispatcher::getLastDispatcher (5 bytes)
Event: 6.981 Thread 0x0000024939309f30 nmethod 4634 0x00000249293acd88 code [0x00000249293acea0, 0x00000249293acf70]
Event: 7.112 Thread 0x00000249392957d0 4635       1       com.sun.javafx.scene.SceneEventDispatcher::getLastDispatcher (5 bytes)
Event: 7.112 Thread 0x00000249392957d0 nmethod 4635 0x00000249293ad088 code [0x00000249293ad1a0, 0x00000249293ad270]
Event: 7.232 Thread 0x0000024939309f30 4636       1       javafx.animation.Animation$AnimationReadOnlyProperty::get (5 bytes)
Event: 7.232 Thread 0x0000024939309f30 nmethod 4636 0x00000249293ad388 code [0x00000249293ad4a0, 0x00000249293ad570]
Event: 7.404 Thread 0x000002493948fa50 4637       3       javafx.scene.Scene::getEffectiveCamera (80 bytes)
Event: 7.405 Thread 0x000002493948fa50 nmethod 4637 0x0000024921c9fe88 code [0x0000024921ca0120, 0x0000024921ca1760]

GC Heap History (8 events):
Event: 0.572 GC heap before
{Heap before GC invocations=0 (full 0):
 garbage-first heap   total reserved 4120576K, committed 258048K, used 22528K [0x0000000704800000, 0x0000000800000000)
  region size 2048K, 12 young (24576K), 0 survivors (0K)
 Metaspace       used 4514K, committed 4736K, reserved 1114112K
  class space    used 456K, committed 576K, reserved 1048576K
}
Event: 0.575 GC heap after
{Heap after GC invocations=1 (full 0):
 garbage-first heap   total reserved 4120576K, committed 258048K, used 2688K [0x0000000704800000, 0x0000000800000000)
  region size 2048K, 2 young (4096K), 2 survivors (4096K)
 Metaspace       used 4514K, committed 4736K, reserved 1114112K
  class space    used 456K, committed 576K, reserved 1048576K
}
Event: 0.813 GC heap before
{Heap before GC invocations=1 (full 0):
 garbage-first heap   total reserved 4120576K, committed 258048K, used 25216K [0x0000000704800000, 0x0000000800000000)
  region size 2048K, 14 young (28672K), 2 survivors (4096K)
 Metaspace       used 6866K, committed 7104K, reserved 1114112K
  class space    used 759K, committed 896K, reserved 1048576K
}
Event: 0.821 GC heap after
{Heap after GC invocations=2 (full 0):
 garbage-first heap   total reserved 4120576K, committed 258048K, used 4624K [0x0000000704800000, 0x0000000800000000)
  region size 2048K, 2 young (4096K), 2 survivors (4096K)
 Metaspace       used 6866K, committed 7104K, reserved 1114112K
  class space    used 759K, committed 896K, reserved 1048576K
}
Event: 1.691 GC heap before
{Heap before GC invocations=2 (full 0):
 garbage-first heap   total reserved 4120576K, committed 258048K, used 72208K [0x0000000704800000, 0x0000000800000000)
  region size 2048K, 32 young (65536K), 2 survivors (4096K)
 Metaspace       used 14104K, committed 14400K, reserved 1114112K
  class space    used 1889K, committed 2048K, reserved 1048576K
}
Event: 1.698 GC heap after
{Heap after GC invocations=3 (full 0):
 garbage-first heap   total reserved 4120576K, committed 258048K, used 14600K [0x0000000704800000, 0x0000000800000000)
  region size 2048K, 3 young (6144K), 3 survivors (6144K)
 Metaspace       used 14104K, committed 14400K, reserved 1114112K
  class space    used 1889K, committed 2048K, reserved 1048576K
}
Event: 5.119 GC heap before
{Heap before GC invocations=3 (full 0):
 garbage-first heap   total reserved 4120576K, committed 258048K, used 82184K [0x0000000704800000, 0x0000000800000000)
  region size 2048K, 36 young (73728K), 3 survivors (6144K)
 Metaspace       used 21188K, committed 21504K, reserved 1114112K
  class space    used 2988K, committed 3136K, reserved 1048576K
}
Event: 5.123 GC heap after
{Heap after GC invocations=4 (full 0):
 garbage-first heap   total reserved 4120576K, committed 258048K, used 19304K [0x0000000704800000, 0x0000000800000000)
  region size 2048K, 4 young (8192K), 4 survivors (8192K)
 Metaspace       used 21188K, committed 21504K, reserved 1114112K
  class space    used 2988K, committed 3136K, reserved 1048576K
}

Dll operation events (20 events):
Event: 0.427 Loaded shared library C:\Program Files\Java\javafx-sdk-23.0.1\bin\api-ms-win-crt-math-l1-1-0.dll
Event: 0.428 Loaded shared library C:\Program Files\Java\javafx-sdk-23.0.1\bin\api-ms-win-crt-multibyte-l1-1-0.dll
Event: 0.429 Loaded shared library C:\Program Files\Java\javafx-sdk-23.0.1\bin\api-ms-win-crt-private-l1-1-0.dll
Event: 0.430 Loaded shared library C:\Program Files\Java\javafx-sdk-23.0.1\bin\api-ms-win-crt-process-l1-1-0.dll
Event: 0.431 Loaded shared library C:\Program Files\Java\javafx-sdk-23.0.1\bin\api-ms-win-crt-runtime-l1-1-0.dll
Event: 0.431 Loaded shared library C:\Program Files\Java\javafx-sdk-23.0.1\bin\api-ms-win-crt-stdio-l1-1-0.dll
Event: 0.433 Loaded shared library C:\Program Files\Java\javafx-sdk-23.0.1\bin\api-ms-win-crt-string-l1-1-0.dll
Event: 0.434 Loaded shared library C:\Program Files\Java\javafx-sdk-23.0.1\bin\api-ms-win-crt-time-l1-1-0.dll
Event: 0.435 Loaded shared library C:\Program Files\Java\javafx-sdk-23.0.1\bin\api-ms-win-crt-utility-l1-1-0.dll
Event: 0.435 Loaded shared library C:\Program Files\Java\javafx-sdk-23.0.1\bin\ucrtbase.dll
Event: 0.436 Loaded shared library C:\Program Files\Java\javafx-sdk-23.0.1\bin\vcruntime140.dll
Event: 0.437 Loaded shared library C:\Program Files\Java\javafx-sdk-23.0.1\bin\vcruntime140_1.dll
Event: 0.438 Loaded shared library C:\Program Files\Java\javafx-sdk-23.0.1\bin\msvcp140.dll
Event: 0.439 Loaded shared library C:\Program Files\Java\javafx-sdk-23.0.1\bin\msvcp140_1.dll
Event: 0.439 Loaded shared library C:\Program Files\Java\javafx-sdk-23.0.1\bin\msvcp140_2.dll
Event: 0.473 Loaded shared library C:\Program Files\Java\javafx-sdk-23.0.1\bin\prism_d3d.dll
Event: 0.599 Loaded shared library C:\Program Files\Java\javafx-sdk-23.0.1\bin\glass.dll
Event: 1.273 Loaded shared library C:\Program Files\Java\javafx-sdk-23.0.1\bin\javafx_font.dll
Event: 5.066 Loaded shared library C:\Program Files\Java\jdk-23\bin\extnet.dll
Event: 5.205 Loaded shared library C:\Program Files\Java\jdk-23\bin\sunmscapi.dll

Deoptimization events (20 events):
Event: 5.758 Thread 0x000002497fbbd5e0 DEOPT PACKING pc=0x0000024929359064 sp=0x00000094309fa190
Event: 5.758 Thread 0x000002497fbbd5e0 DEOPT UNPACKING pc=0x0000024928a14402 sp=0x00000094309fa0b8 mode 2
Event: 5.856 Thread 0x000002497fbbd5e0 Uncommon trap: trap_request=0xffffffbe fr.pc=0x0000024929369184 relative=0x0000000000000bc4
Event: 5.856 Thread 0x000002497fbbd5e0 Uncommon trap: reason=profile_predicate action=maybe_recompile pc=0x0000024929369184 method=com.sun.javafx.css.BitSet.addAll(Ljava/util/Collection;)Z @ 122 c2
Event: 5.856 Thread 0x000002497fbbd5e0 DEOPT PACKING pc=0x0000024929369184 sp=0x00000094309fbd70
Event: 5.856 Thread 0x000002497fbbd5e0 DEOPT UNPACKING pc=0x0000024928a14402 sp=0x00000094309fbd00 mode 2
Event: 5.856 Thread 0x000002497fbbd5e0 Uncommon trap: trap_request=0xffffffbe fr.pc=0x0000024929369184 relative=0x0000000000000bc4
Event: 5.856 Thread 0x000002497fbbd5e0 Uncommon trap: reason=profile_predicate action=maybe_recompile pc=0x0000024929369184 method=com.sun.javafx.css.BitSet.addAll(Ljava/util/Collection;)Z @ 122 c2
Event: 5.856 Thread 0x000002497fbbd5e0 DEOPT PACKING pc=0x0000024929369184 sp=0x00000094309fbd70
Event: 5.856 Thread 0x000002497fbbd5e0 DEOPT UNPACKING pc=0x0000024928a14402 sp=0x00000094309fbd00 mode 2
Event: 5.856 Thread 0x000002497fbbd5e0 Uncommon trap: trap_request=0xffffffbe fr.pc=0x0000024929369184 relative=0x0000000000000bc4
Event: 5.856 Thread 0x000002497fbbd5e0 Uncommon trap: reason=profile_predicate action=maybe_recompile pc=0x0000024929369184 method=com.sun.javafx.css.BitSet.addAll(Ljava/util/Collection;)Z @ 122 c2
Event: 5.856 Thread 0x000002497fbbd5e0 DEOPT PACKING pc=0x0000024929369184 sp=0x00000094309fbd70
Event: 5.856 Thread 0x000002497fbbd5e0 DEOPT UNPACKING pc=0x0000024928a14402 sp=0x00000094309fbd00 mode 2
Event: 5.856 Thread 0x000002497fbbd5e0 Uncommon trap: trap_request=0xffffffbe fr.pc=0x0000024929369184 relative=0x0000000000000bc4
Event: 5.856 Thread 0x000002497fbbd5e0 Uncommon trap: reason=profile_predicate action=maybe_recompile pc=0x0000024929369184 method=com.sun.javafx.css.BitSet.addAll(Ljava/util/Collection;)Z @ 122 c2
Event: 5.856 Thread 0x000002497fbbd5e0 DEOPT PACKING pc=0x0000024929369184 sp=0x00000094309fbd70
Event: 5.856 Thread 0x000002497fbbd5e0 DEOPT UNPACKING pc=0x0000024928a14402 sp=0x00000094309fbd00 mode 2
Event: 43.215 Thread 0x000002497fbbd5e0 DEOPT PACKING pc=0x00000249218dfe6c sp=0x00000094309fc880
Event: 43.215 Thread 0x000002497fbbd5e0 DEOPT UNPACKING pc=0x0000024928a14b22 sp=0x00000094309fbd38 mode 0

Classes loaded (20 events):
Event: 5.580 Loading class java/util/stream/IntPipeline done
Event: 5.580 Loading class java/util/stream/IntPipeline$Head done
Event: 5.580 Loading class java/util/stream/IntPipeline$1
Event: 5.580 Loading class java/util/stream/IntPipeline$1 done
Event: 5.580 Loading class java/util/stream/IntPipeline$1$1
Event: 5.580 Loading class java/util/stream/Sink$ChainedInt
Event: 5.580 Loading class java/util/stream/Sink$OfInt
Event: 5.581 Loading class java/util/stream/Sink$OfInt done
Event: 5.581 Loading class java/util/stream/Sink$ChainedInt done
Event: 5.581 Loading class java/util/stream/IntPipeline$1$1 done
Event: 5.872 Loading class sun/security/ssl/Alert
Event: 5.872 Loading class sun/security/ssl/Alert done
Event: 5.872 Loading class sun/security/ssl/Alert$AlertConsumer
Event: 5.873 Loading class sun/security/ssl/Alert$AlertConsumer done
Event: 5.873 Loading class sun/security/ssl/Alert$Level
Event: 5.873 Loading class sun/security/ssl/Alert$Level done
Event: 5.874 Loading class java/io/InterruptedIOException
Event: 5.874 Loading class java/io/InterruptedIOException done
Event: 7.414 Loading class java/lang/invoke/WrongMethodTypeException
Event: 7.417 Loading class java/lang/invoke/WrongMethodTypeException done

Classes unloaded (0 events):
No events

Classes redefined (1 events):
Event: 43.234 Thread 0x0000024939266970 redefined class name=controller.BalanceDueController, count=1

Internal exceptions (20 events):
Event: 1.812 Thread 0x000002497fbbd5e0 Exception <a 'java/lang/NoSuchMethodError'{0x000000071352e5a0}: 'void java.lang.invoke.DirectMethodHandle$Holder.invokeSpecial(java.lang.Object, java.lang.Object, java.lang.Object, java.lang.Object, java.lang.Object, java.lang.Object)'> (0x000000071352e5a0) 
thrown [s\open\src\hotspot\share\interpreter\linkResolver.cpp, line 796]
Event: 1.813 Thread 0x000002497fbbd5e0 Exception <a 'java/lang/NoSuchMethodError'{0x000000071355e3b8}: 'java.lang.Object java.lang.invoke.DirectMethodHandle$Holder.invokeInterface(java.lang.Object, java.lang.Object, java.lang.Object)'> (0x000000071355e3b8) 
thrown [s\open\src\hotspot\share\interpreter\linkResolver.cpp, line 796]
Event: 1.813 Thread 0x000002497fbbd5e0 Exception <a 'java/lang/IncompatibleClassChangeError'{0x0000000713561a88}: Found class java.lang.Object, but interface was expected> (0x0000000713561a88) 
thrown [s\open\src\hotspot\share\interpreter\linkResolver.cpp, line 863]
Event: 1.839 Thread 0x000002497fbbd5e0 Exception <a 'java/lang/NoSuchMethodError'{0x0000000712d98540}: 'int java.lang.invoke.DirectMethodHandle$Holder.invokeSpecial(java.lang.Object, java.lang.Object, int)'> (0x0000000712d98540) 
thrown [s\open\src\hotspot\share\interpreter\linkResolver.cpp, line 796]
Event: 1.879 Thread 0x000002497fbbd5e0 Exception <a 'java/lang/NoSuchMethodError'{0x00000007129fc510}: 'java.lang.Object java.lang.invoke.DirectMethodHandle$Holder.newInvokeSpecial(java.lang.Object, java.lang.Object, int)'> (0x00000007129fc510) 
thrown [s\open\src\hotspot\share\interpreter\linkResolver.cpp, line 796]
Event: 1.960 Thread 0x000002497f076f00 Exception <a 'java/lang/NoSuchMethodError'{0x00000007127fe078}: 'int java.lang.invoke.DirectMethodHandle$Holder.invokeStaticInit(java.lang.Object, java.lang.Object)'> (0x00000007127fe078) 
thrown [s\open\src\hotspot\share\interpreter\linkResolver.cpp, line 796]
Event: 1.966 Thread 0x000002497fbbd5e0 Exception <a 'java/lang/NoSuchMethodError'{0x0000000712583578}: 'long java.lang.invoke.DirectMethodHandle$Holder.invokeStatic(java.lang.Object, java.lang.Object, java.lang.Object)'> (0x0000000712583578) 
thrown [s\open\src\hotspot\share\interpreter\linkResolver.cpp, line 796]
Event: 1.967 Thread 0x000002497fbbd5e0 Exception <a 'java/lang/NoSuchMethodError'{0x0000000712586990}: 'long java.lang.invoke.DirectMethodHandle$Holder.invokeStaticInit(java.lang.Object, java.lang.Object, java.lang.Object)'> (0x0000000712586990) 
thrown [s\open\src\hotspot\share\interpreter\linkResolver.cpp, line 796]
Event: 1.968 Thread 0x000002497fbbd5e0 Exception <a 'java/lang/NoSuchMethodError'{0x000000071259b6b8}: 'java.lang.Object java.lang.invoke.DirectMethodHandle$Holder.newInvokeSpecial(java.lang.Object, java.lang.Object, long)'> (0x000000071259b6b8) 
thrown [s\open\src\hotspot\share\interpreter\linkResolver.cpp, line 796]
Event: 1.969 Thread 0x000002497fbbd5e0 Exception <a 'java/lang/NoSuchMethodError'{0x000000071259f008}: 'java.lang.Object java.lang.invoke.Invokers$Holder.linkToTargetMethod(java.lang.Object, long, java.lang.Object)'> (0x000000071259f008) 
thrown [s\open\src\hotspot\share\interpreter\linkResolver.cpp, line 796]
Event: 4.984 Thread 0x000002497fbbd5e0 Exception <a 'java/lang/NoSuchMethodError'{0x0000000711901970}: 'java.lang.Object java.lang.invoke.DirectMethodHandle$Holder.invokeVirtual(java.lang.Object, java.lang.Object, java.lang.Object)'> (0x0000000711901970) 
thrown [s\open\src\hotspot\share\interpreter\linkResolver.cpp, line 796]
Event: 4.991 Thread 0x000002497fbbd5e0 Implicit null exception at 0x000002492916af66 to 0x000002492916b05c
Event: 5.149 Thread 0x000002497fbbd5e0 Exception <a 'sun/nio/fs/WindowsException'{0x00000007143db748}> (0x00000007143db748) 
thrown [s\open\src\hotspot\share\prims\jni.cpp, line 520]
Event: 5.179 Thread 0x000002497fbbd5e0 Exception <a 'java/lang/NoSuchMethodError'{0x0000000708726aa0}: 'java.lang.Object java.lang.invoke.DirectMethodHandle$Holder.invokeStaticInit(java.lang.Object, int, int, int, int)'> (0x0000000708726aa0) 
thrown [s\open\src\hotspot\share\interpreter\linkResolver.cpp, line 796]
Event: 5.191 Thread 0x000002497fbbd5e0 Exception <a 'java/lang/NoSuchMethodError'{0x000000070843e9b0}: 'java.lang.Object java.lang.invoke.DirectMethodHandle$Holder.invokeStaticInit(java.lang.Object, java.lang.Object, int, int, int, int)'> (0x000000070843e9b0) 
thrown [s\open\src\hotspot\share\interpreter\linkResolver.cpp, line 796]
Event: 5.340 Thread 0x000002497fbbd5e0 Exception <a 'java/lang/NoSuchMethodError'{0x0000000707f7b5f8}: 'void java.lang.invoke.DirectMethodHandle$Holder.invokeInterface(java.lang.Object, java.lang.Object, java.lang.Object, java.lang.Object)'> (0x0000000707f7b5f8) 
thrown [s\open\src\hotspot\share\interpreter\linkResolver.cpp, line 796]
Event: 5.534 Thread 0x000002497fbbd5e0 Exception <a 'java/io/FileNotFoundException'{0x000000070736bf20}> (0x000000070736bf20) 
thrown [s\open\src\hotspot\share\prims\jni.cpp, line 520]
Event: 5.758 Thread 0x000002497fbbd5e0 Implicit null exception at 0x0000024929358785 to 0x0000024929359030
Event: 5.874 Thread 0x000002497fbbd5e0 Exception <a 'java/io/IOException'{0x0000000705c542c8}> (0x0000000705c542c8) 
thrown [s\open\src\hotspot\share\prims\jni.cpp, line 520]
Event: 5.876 Thread 0x000002497fbbd5e0 Exception <a 'java/lang/NoSuchMethodError'{0x0000000705c57e30}: 'void java.lang.invoke.DirectMethodHandle$Holder.invokeInterface(java.lang.Object, java.lang.Object)'> (0x0000000705c57e30) 
thrown [s\open\src\hotspot\share\interpreter\linkResolver.cpp, line 796]

VM Operations (20 events):
Event: 7.625 Executing VM operation: get/set locals
Event: 7.625 Executing VM operation: get/set locals done
Event: 7.626 Executing VM operation: get/set locals
Event: 7.626 Executing VM operation: get/set locals done
Event: 7.627 Executing VM operation: get/set locals
Event: 7.627 Executing VM operation: get/set locals done
Event: 7.627 Executing VM operation: get/set locals
Event: 7.627 Executing VM operation: get/set locals done
Event: 7.628 Executing VM operation: get/set locals
Event: 7.628 Executing VM operation: get/set locals done
Event: 7.628 Executing VM operation: get/set locals
Event: 7.628 Executing VM operation: get/set locals done
Event: 43.214 Executing VM operation: ChangeSingleStep
Event: 43.214 Executing VM operation: ChangeSingleStep done
Event: 43.215 Executing VM operation: ChangeSingleStep
Event: 43.215 Executing VM operation: ChangeSingleStep done
Event: 43.230 Executing VM operation: RedefineClasses
Event: 43.241 Executing VM operation: RedefineClasses done
Event: 43.245 Executing VM operation: ChangeSingleStep
Event: 43.245 Executing VM operation: ChangeSingleStep done

Memory protections (0 events):
No events

Nmethod flushes (0 events):
No events

Events (20 events):
Event: 2.313 Thread 0x0000024903031c30 Thread exited: 0x0000024903031c30
Event: 2.313 Thread 0x00000249394be8a0 Thread exited: 0x00000249394be8a0
Event: 4.960 Thread 0x000002497fbbd5e0 Thread added: 0x000002490b0a6240
Event: 4.976 Thread 0x000002493948fa50 Thread added: 0x0000024903032300
Event: 4.985 Thread 0x000002493928a970 Thread added: 0x00000249030329d0
Event: 4.994 Thread 0x00000249392957d0 Thread added: 0x0000024903031c30
Event: 5.248 Thread 0x000002493928a970 Thread added: 0x0000024913ae40c0
Event: 5.249 Thread 0x000002493948fa50 Thread added: 0x0000024913ae7740
Event: 5.255 Thread 0x00000249392957d0 Thread added: 0x0000024913ae5530
Event: 5.394 Thread 0x0000024903032300 Thread added: 0x0000024913ae4e60
Event: 6.312 Thread 0x0000024913ae4e60 Thread exited: 0x0000024913ae4e60
Event: 6.328 Thread 0x0000024913ae5530 Thread exited: 0x0000024913ae5530
Event: 6.330 Thread 0x0000024913ae7740 Thread exited: 0x0000024913ae7740
Event: 6.330 Thread 0x0000024913ae40c0 Thread exited: 0x0000024913ae40c0
Event: 6.335 Thread 0x0000024903031c30 Thread exited: 0x0000024903031c30
Event: 6.335 Thread 0x00000249030329d0 Thread exited: 0x00000249030329d0
Event: 6.339 Thread 0x0000024903032300 Thread exited: 0x0000024903032300
Event: 12.405 Thread 0x000002493948fa50 Thread exited: 0x000002493948fa50
Event: 12.405 Thread 0x000002493948f390 Thread exited: 0x000002493948f390
Event: 17.406 Thread 0x0000024939309f30 Thread exited: 0x0000024939309f30


Dynamic libraries:
0x00007ff6c6970000 - 0x00007ff6c6980000 	C:\Program Files\Java\jdk-23\bin\javaw.exe
0x00007ffbd6f50000 - 0x00007ffbd7167000 	C:\Windows\SYSTEM32\ntdll.dll
0x00007ffbd5140000 - 0x00007ffbd5204000 	C:\Windows\System32\KERNEL32.DLL
0x00007ffbd4200000 - 0x00007ffbd45d0000 	C:\Windows\System32\KERNELBASE.dll
0x00007ffbd4b20000 - 0x00007ffbd4c31000 	C:\Windows\System32\ucrtbase.dll
0x00007ffbb5380000 - 0x00007ffbb5397000 	C:\Program Files\Java\jdk-23\bin\jli.dll
0x00007ffbb20e0000 - 0x00007ffbb20fb000 	C:\Program Files\Java\jdk-23\bin\VCRUNTIME140.dll
0x00007ffbd4df0000 - 0x00007ffbd4f9e000 	C:\Windows\System32\USER32.dll
0x00007ffbbaf20000 - 0x00007ffbbb1b2000 	C:\Windows\WinSxS\amd64_microsoft.windows.common-controls_6595b64144ccf1df_6.0.22621.4830_none_270fe7d773858e80\COMCTL32.dll
0x00007ffbd4810000 - 0x00007ffbd4836000 	C:\Windows\System32\win32u.dll
0x00007ffbd4dc0000 - 0x00007ffbd4de9000 	C:\Windows\System32\GDI32.dll
0x00007ffbd5330000 - 0x00007ffbd53d7000 	C:\Windows\System32\msvcrt.dll
0x00007ffbd46f0000 - 0x00007ffbd480b000 	C:\Windows\System32\gdi32full.dll
0x00007ffbd45d0000 - 0x00007ffbd466a000 	C:\Windows\System32\msvcp_win.dll
0x00007ffbd6d20000 - 0x00007ffbd6d51000 	C:\Windows\System32\IMM32.DLL
0x00007ffbced00000 - 0x00007ffbced0c000 	C:\Program Files\Java\jdk-23\bin\vcruntime140_1.dll
0x00007ffb76ab0000 - 0x00007ffb76b3e000 	C:\Program Files\Java\jdk-23\bin\msvcp140.dll
0x00007ffb47470000 - 0x00007ffb481bf000 	C:\Program Files\Java\jdk-23\bin\server\jvm.dll
0x00007ffbd67e0000 - 0x00007ffbd6891000 	C:\Windows\System32\ADVAPI32.dll
0x00007ffbd6e60000 - 0x00007ffbd6f07000 	C:\Windows\System32\sechost.dll
0x00007ffbd4af0000 - 0x00007ffbd4b18000 	C:\Windows\System32\bcrypt.dll
0x00007ffbd4c40000 - 0x00007ffbd4d54000 	C:\Windows\System32\RPCRT4.dll
0x00007ffbd5620000 - 0x00007ffbd5691000 	C:\Windows\System32\WS2_32.dll
0x00007ffbcabc0000 - 0x00007ffbcabf4000 	C:\Windows\SYSTEM32\WINMM.dll
0x00007ffbd3090000 - 0x00007ffbd30dd000 	C:\Windows\SYSTEM32\POWRPROF.dll
0x00007ffbc84f0000 - 0x00007ffbc84fa000 	C:\Windows\SYSTEM32\VERSION.dll
0x00007ffbd3050000 - 0x00007ffbd3063000 	C:\Windows\SYSTEM32\UMPDC.dll
0x00007ffbd3310000 - 0x00007ffbd3328000 	C:\Windows\SYSTEM32\kernel.appcore.dll
0x00007ffbca540000 - 0x00007ffbca54a000 	C:\Program Files\Java\jdk-23\bin\jimage.dll
0x00007ffbd15a0000 - 0x00007ffbd17d2000 	C:\Windows\SYSTEM32\DBGHELP.DLL
0x00007ffbd57b0000 - 0x00007ffbd5b40000 	C:\Windows\System32\combase.dll
0x00007ffbd6d80000 - 0x00007ffbd6e57000 	C:\Windows\System32\OLEAUT32.dll
0x00007ffbc8380000 - 0x00007ffbc83b2000 	C:\Windows\SYSTEM32\dbgcore.DLL
0x00007ffbd49b0000 - 0x00007ffbd4a2b000 	C:\Windows\System32\bcryptPrimitives.dll
0x00007ffb93730000 - 0x00007ffb9376c000 	C:\Program Files\Java\jdk-23\bin\jdwp.dll
0x00007ffbbbdf0000 - 0x00007ffbbbdff000 	C:\Program Files\Java\jdk-23\bin\instrument.dll
0x00007ffbae3e0000 - 0x00007ffbae3fe000 	C:\Program Files\Java\jdk-23\bin\java.dll
0x00007ffbd5ca0000 - 0x00007ffbd5e41000 	C:\Windows\System32\ole32.dll
0x00007ffbd5f60000 - 0x00007ffbd67d8000 	C:\Windows\System32\SHELL32.dll
0x00007ffbd2110000 - 0x00007ffbd2a20000 	C:\Windows\SYSTEM32\windows.storage.dll
0x00007ffbd1fd0000 - 0x00007ffbd210f000 	C:\Windows\SYSTEM32\wintypes.dll
0x00007ffbd5220000 - 0x00007ffbd532a000 	C:\Windows\System32\SHCORE.dll
0x00007ffbd4d60000 - 0x00007ffbd4dbe000 	C:\Windows\System32\shlwapi.dll
0x00007ffbd4130000 - 0x00007ffbd415b000 	C:\Windows\SYSTEM32\profapi.dll
0x00007ffb769d0000 - 0x00007ffb76aa7000 	C:\Program Files\Java\jdk-23\bin\jsvml.dll
0x00007ffbc9a20000 - 0x00007ffbc9a30000 	C:\Program Files\Java\jdk-23\bin\net.dll
0x00007ffbd37b0000 - 0x00007ffbd3819000 	C:\Windows\system32\mswsock.dll
0x00007ffba9d80000 - 0x00007ffba9d96000 	C:\Program Files\Java\jdk-23\bin\nio.dll
0x00007ffba9c20000 - 0x00007ffba9c37000 	C:\Program Files\Java\jdk-23\bin\zip.dll
0x00007ffbbbde0000 - 0x00007ffbbbdec000 	C:\Program Files\Java\jdk-23\bin\dt_socket.dll
0x00007ffbd2d30000 - 0x00007ffbd2d5d000 	C:\Windows\SYSTEM32\IPHLPAPI.DLL
0x00007ffbd2d60000 - 0x00007ffbd2e62000 	C:\Windows\SYSTEM32\DNSAPI.dll
0x00007ffbd4fa0000 - 0x00007ffbd4fa9000 	C:\Windows\System32\NSI.dll
0x00007ffbcda40000 - 0x00007ffbcda4a000 	C:\Windows\System32\rasadhlp.dll
0x00007ffbccf60000 - 0x00007ffbccfe3000 	C:\Windows\System32\fwpuclnt.dll
0x00007ffbc99c0000 - 0x00007ffbc99d0000 	C:\Program Files\Java\jdk-23\bin\verify.dll
0x0000024918db0000 - 0x0000024918db3000 	C:\Program Files\Java\javafx-sdk-23.0.1\bin\api-ms-win-core-console-l1-1-0.dll
0x0000024918dc0000 - 0x0000024918dc3000 	C:\Program Files\Java\javafx-sdk-23.0.1\bin\api-ms-win-core-console-l1-2-0.dll
0x0000024918dd0000 - 0x0000024918dd3000 	C:\Program Files\Java\javafx-sdk-23.0.1\bin\api-ms-win-core-datetime-l1-1-0.dll
0x0000024918de0000 - 0x0000024918de3000 	C:\Program Files\Java\javafx-sdk-23.0.1\bin\api-ms-win-core-debug-l1-1-0.dll
0x0000024918df0000 - 0x0000024918df3000 	C:\Program Files\Java\javafx-sdk-23.0.1\bin\api-ms-win-core-errorhandling-l1-1-0.dll
0x0000024939eb0000 - 0x0000024939eb4000 	C:\Program Files\Java\javafx-sdk-23.0.1\bin\api-ms-win-core-file-l1-1-0.dll
0x0000024939ec0000 - 0x0000024939ec3000 	C:\Program Files\Java\javafx-sdk-23.0.1\bin\api-ms-win-core-file-l1-2-0.dll
0x0000024939ed0000 - 0x0000024939ed3000 	C:\Program Files\Java\javafx-sdk-23.0.1\bin\api-ms-win-core-file-l2-1-0.dll
0x0000024939ee0000 - 0x0000024939ee3000 	C:\Program Files\Java\javafx-sdk-23.0.1\bin\api-ms-win-core-handle-l1-1-0.dll
0x0000024939ef0000 - 0x0000024939ef3000 	C:\Program Files\Java\javafx-sdk-23.0.1\bin\api-ms-win-core-heap-l1-1-0.dll
0x0000024939f00000 - 0x0000024939f03000 	C:\Program Files\Java\javafx-sdk-23.0.1\bin\api-ms-win-core-interlocked-l1-1-0.dll
0x0000024939f10000 - 0x0000024939f13000 	C:\Program Files\Java\javafx-sdk-23.0.1\bin\api-ms-win-core-libraryloader-l1-1-0.dll
0x0000024939f20000 - 0x0000024939f23000 	C:\Program Files\Java\javafx-sdk-23.0.1\bin\api-ms-win-core-localization-l1-2-0.dll
0x0000024939f30000 - 0x0000024939f33000 	C:\Program Files\Java\javafx-sdk-23.0.1\bin\api-ms-win-core-memory-l1-1-0.dll
0x0000024939f40000 - 0x0000024939f43000 	C:\Program Files\Java\javafx-sdk-23.0.1\bin\api-ms-win-core-namedpipe-l1-1-0.dll
0x0000024939f50000 - 0x0000024939f53000 	C:\Program Files\Java\javafx-sdk-23.0.1\bin\api-ms-win-core-processenvironment-l1-1-0.dll
0x0000024939f60000 - 0x0000024939f63000 	C:\Program Files\Java\javafx-sdk-23.0.1\bin\api-ms-win-core-processthreads-l1-1-0.dll
0x0000024939f70000 - 0x0000024939f73000 	C:\Program Files\Java\javafx-sdk-23.0.1\bin\api-ms-win-core-processthreads-l1-1-1.dll
0x0000024939f80000 - 0x0000024939f83000 	C:\Program Files\Java\javafx-sdk-23.0.1\bin\api-ms-win-core-profile-l1-1-0.dll
0x0000024939f90000 - 0x0000024939f93000 	C:\Program Files\Java\javafx-sdk-23.0.1\bin\api-ms-win-core-rtlsupport-l1-1-0.dll
0x0000024939fa0000 - 0x0000024939fa3000 	C:\Program Files\Java\javafx-sdk-23.0.1\bin\api-ms-win-core-string-l1-1-0.dll
0x0000024939fb0000 - 0x0000024939fb3000 	C:\Program Files\Java\javafx-sdk-23.0.1\bin\api-ms-win-core-synch-l1-1-0.dll
0x0000024939fc0000 - 0x0000024939fc3000 	C:\Program Files\Java\javafx-sdk-23.0.1\bin\api-ms-win-core-synch-l1-2-0.dll
0x0000024939fd0000 - 0x0000024939fd3000 	C:\Program Files\Java\javafx-sdk-23.0.1\bin\api-ms-win-core-sysinfo-l1-1-0.dll
0x0000024939fe0000 - 0x0000024939fe3000 	C:\Program Files\Java\javafx-sdk-23.0.1\bin\api-ms-win-core-timezone-l1-1-0.dll
0x0000024939ff0000 - 0x0000024939ff3000 	C:\Program Files\Java\javafx-sdk-23.0.1\bin\api-ms-win-core-util-l1-1-0.dll
0x000002497ffd0000 - 0x000002497ffd3000 	C:\Program Files\Java\javafx-sdk-23.0.1\bin\api-ms-win-crt-conio-l1-1-0.dll
0x000002497ffe0000 - 0x000002497ffe4000 	C:\Program Files\Java\javafx-sdk-23.0.1\bin\api-ms-win-crt-convert-l1-1-0.dll
0x000002497fff0000 - 0x000002497fff3000 	C:\Program Files\Java\javafx-sdk-23.0.1\bin\api-ms-win-crt-environment-l1-1-0.dll
0x0000024900340000 - 0x0000024900343000 	C:\Program Files\Java\javafx-sdk-23.0.1\bin\api-ms-win-crt-filesystem-l1-1-0.dll
0x0000024900350000 - 0x0000024900353000 	C:\Program Files\Java\javafx-sdk-23.0.1\bin\api-ms-win-crt-heap-l1-1-0.dll
0x0000024900360000 - 0x0000024900363000 	C:\Program Files\Java\javafx-sdk-23.0.1\bin\api-ms-win-crt-locale-l1-1-0.dll
0x0000024900370000 - 0x0000024900375000 	C:\Program Files\Java\javafx-sdk-23.0.1\bin\api-ms-win-crt-math-l1-1-0.dll
0x0000024900380000 - 0x0000024900385000 	C:\Program Files\Java\javafx-sdk-23.0.1\bin\api-ms-win-crt-multibyte-l1-1-0.dll
0x0000024900390000 - 0x00000249003a0000 	C:\Program Files\Java\javafx-sdk-23.0.1\bin\api-ms-win-crt-private-l1-1-0.dll
0x00000249003a0000 - 0x00000249003a3000 	C:\Program Files\Java\javafx-sdk-23.0.1\bin\api-ms-win-crt-process-l1-1-0.dll
0x00000249003b0000 - 0x00000249003b4000 	C:\Program Files\Java\javafx-sdk-23.0.1\bin\api-ms-win-crt-runtime-l1-1-0.dll
0x00000249003c0000 - 0x00000249003c4000 	C:\Program Files\Java\javafx-sdk-23.0.1\bin\api-ms-win-crt-stdio-l1-1-0.dll
0x00000249003d0000 - 0x00000249003d4000 	C:\Program Files\Java\javafx-sdk-23.0.1\bin\api-ms-win-crt-string-l1-1-0.dll
0x00000249003e0000 - 0x00000249003e3000 	C:\Program Files\Java\javafx-sdk-23.0.1\bin\api-ms-win-crt-time-l1-1-0.dll
0x00000249003f0000 - 0x00000249003f3000 	C:\Program Files\Java\javafx-sdk-23.0.1\bin\api-ms-win-crt-utility-l1-1-0.dll
0x00007ffb77af0000 - 0x00007ffb77bec000 	C:\Program Files\Java\javafx-sdk-23.0.1\bin\ucrtbase.dll
0x00007ffbbbda0000 - 0x00007ffbbbdbb000 	C:\Program Files\Java\javafx-sdk-23.0.1\bin\vcruntime140.dll
0x00007ffbbb770000 - 0x00007ffbbb77c000 	C:\Program Files\Java\javafx-sdk-23.0.1\bin\vcruntime140_1.dll
0x00007ffb77a60000 - 0x00007ffb77aee000 	C:\Program Files\Java\javafx-sdk-23.0.1\bin\msvcp140.dll
0x00007ffbbb6b0000 - 0x00007ffbbb6b9000 	C:\Program Files\Java\javafx-sdk-23.0.1\bin\msvcp140_1.dll
0x00007ffb936e0000 - 0x00007ffb93721000 	C:\Program Files\Java\javafx-sdk-23.0.1\bin\msvcp140_2.dll
0x00007ffbb74f0000 - 0x00007ffbb7520000 	C:\Program Files\Java\javafx-sdk-23.0.1\bin\prism_d3d.dll
0x00007ffbacf00000 - 0x00007ffbad0a8000 	C:\Windows\system32\d3d9.dll
0x00007ffbceb00000 - 0x00007ffbceb2b000 	C:\Windows\SYSTEM32\dwmapi.dll
0x00007ffbd18f0000 - 0x00007ffbd1927000 	C:\Windows\SYSTEM32\dxcore.dll
0x00007ffbce870000 - 0x00007ffbce921000 	C:\Windows\system32\uxtheme.dll
0x00007ffb90640000 - 0x00007ffb906f0000 	C:\Windows\SYSTEM32\d3d9on12.dll
0x00007ffbba270000 - 0x00007ffbba296000 	C:\Windows\SYSTEM32\d3d12.dll
0x00007ffbce9f0000 - 0x00007ffbceae7000 	C:\Windows\SYSTEM32\dxgi.dll
0x00007ffbd3ec0000 - 0x00007ffbd3f0e000 	C:\Windows\SYSTEM32\cfgmgr32.dll
0x00007ffb6b410000 - 0x00007ffb6b612000 	C:\Windows\SYSTEM32\D3D12Core.dll
0x00007ffb970e0000 - 0x00007ffb97106000 	C:\Windows\System32\DriverStore\FileRepository\iigd_dch.inf_amd64_485fe633710b4342\igd12umd64.dll
0x00007ffb669b0000 - 0x00007ffb68ad4000 	C:\Windows\System32\DriverStore\FileRepository\iigd_dch.inf_amd64_485fe633710b4342\igd12um64xel.dll
0x00007ffbd4840000 - 0x00007ffbd49a6000 	C:\Windows\System32\CRYPT32.dll
0x00007ffbc70b0000 - 0x00007ffbc7213000 	C:\Windows\SYSTEM32\drvstore.dll
0x00007ffb96c50000 - 0x00007ffb96c77000 	C:\Windows\System32\DriverStore\FileRepository\iigd_dch.inf_amd64_485fe633710b4342\igdext64.dll
0x00007ffbc4c70000 - 0x00007ffbc4d0c000 	C:\Windows\System32\DriverStore\FileRepository\iigd_dch.inf_amd64_485fe633710b4342\IntelControlLib.dll
0x00007ffbca350000 - 0x00007ffbca399000 	C:\Windows\SYSTEM32\directxdatabasehelper.dll
0x00007ffbc4470000 - 0x00007ffbc48af000 	C:\Windows\System32\DriverStore\FileRepository\iigd_dch.inf_amd64_485fe633710b4342\igdgmm64.dll
0x00007ffbc43a0000 - 0x00007ffbc43c4000 	C:\Windows\System32\DriverStore\FileRepository\iigd_dch.inf_amd64_485fe633710b4342\igc64.dll
0x00007ffbbfc30000 - 0x00007ffbc439b000 	C:\Windows\System32\DriverStore\FileRepository\iigd_dch.inf_amd64_485fe633710b4342\igc1464.dll
0x00007ffb95530000 - 0x00007ffb9555f000 	C:\Windows\SYSTEM32\D3DSCache.dll
0x00007ffbd38a0000 - 0x00007ffbd38c8000 	C:\Windows\SYSTEM32\USERENV.dll
0x00007ffb6b0f0000 - 0x00007ffb6b410000 	C:\Windows\System32\DriverStore\FileRepository\iigd_dch.inf_amd64_485fe633710b4342\igd12dxva64.dll
0x00007ffbd68a0000 - 0x00007ffbd6d14000 	C:\Windows\System32\SETUPAPI.dll
0x00007ffb72780000 - 0x00007ffb73b03000 	C:\Windows\System32\DriverStore\FileRepository\iigd_dch.inf_amd64_485fe633710b4342\igddxvacommon64.dll

dbghelp: loaded successfully - version: 4.0.5 - missing functions: none
symbol engine: initialized successfully - sym options: 0x614 - pdb path: .;C:\Program Files\Java\jdk-23\bin;C:\Windows\SYSTEM32;C:\Windows\WinSxS\amd64_microsoft.windows.common-controls_6595b64144ccf1df_6.0.22621.4830_none_270fe7d773858e80;C:\Program Files\Java\jdk-23\bin\server;C:\Program Files\Java\javafx-sdk-23.0.1\bin;C:\Windows\System32\DriverStore\FileRepository\iigd_dch.inf_amd64_485fe633710b4342;C:\Windows\System32\DriverStore\FileRepository\nvaci.inf_amd64_d2b0a39cbcef3884;C:\Program Files\Common Files\Microsoft Shared\Ink

VM Arguments:
jvm_args: -XX:+ShowCodeDetailsInExceptionMessages -agentlib:jdwp=transport=dt_socket,suspend=y,address=localhost:52587 --module-path=C:\Program Files\Java\javafx-sdk-23.0.1\lib --add-modules=javafx.controls,javafx.fxml -javaagent:C:\Users\Rendel Abainza\eclipse\java-2024-09\eclipse\configuration\org.eclipse.osgi\251\0\.cp\lib\javaagent-shaded.jar -Dfile.encoding=UTF-8 -Dstdout.encoding=UTF-8 -Dstderr.encoding=UTF-8 --module-path=C:\Program Files\Java\javafx-sdk-23.0.1\lib\javafx.base.jar;C:\Program Files\Java\javafx-sdk-23.0.1\lib\javafx.controls.jar;C:\Program Files\Java\javafx-sdk-23.0.1\lib\javafx.fxml.jar;C:\Program Files\Java\javafx-sdk-23.0.1\lib\javafx.graphics.jar;C:\Program Files\Java\javafx-sdk-23.0.1\lib\javafx.media.jar;C:\Program Files\Java\javafx-sdk-23.0.1\lib\javafx.swing.jar;C:\Program Files\Java\javafx-sdk-23.0.1\lib\javafx.web.jar;C:\Program Files\Java\javafx-sdk-23.0.1\lib\javafx-swt.jar;E:\My Files\College\3rd Year - 1st Sem\AppDev\Project\RentEase-Application\lib\mysql-connector-j-9.1.0.jar 
java_command: main.Main
java_class_path (initial): E:\My Files\College\3rd Year - 1st Sem\AppDev\Project\RentEase-Application\bin
Launcher Type: SUN_STANDARD

[Global flags]
     intx CICompilerCount                          = 12                                        {product} {ergonomic}
     uint ConcGCThreads                            = 4                                         {product} {ergonomic}
     uint G1ConcRefinementThreads                  = 15                                        {product} {ergonomic}
   size_t G1HeapRegionSize                         = 2097152                                   {product} {ergonomic}
   size_t InitialHeapSize                          = 264241152                                 {product} {ergonomic}
   size_t MarkStackSize                            = 4194304                                   {product} {ergonomic}
   size_t MarkStackSizeMax                         = 536870912                                 {product} {ergonomic}
   size_t MaxHeapSize                              = 4219469824                                {product} {ergonomic}
   size_t MaxNewSize                               = 2531262464                                {product} {ergonomic}
   size_t MinHeapDeltaBytes                        = 2097152                                   {product} {ergonomic}
   size_t MinHeapSize                              = 8388608                                   {product} {ergonomic}
    uintx NonNMethodCodeHeapSize                   = 7602176                                {pd product} {ergonomic}
    uintx NonProfiledCodeHeapSize                  = 122093568                              {pd product} {ergonomic}
    uintx ProfiledCodeHeapSize                     = 121962496                              {pd product} {ergonomic}
    uintx ReservedCodeCacheSize                    = 251658240                              {pd product} {ergonomic}
     bool SegmentedCodeCache                       = true                                      {product} {ergonomic}
     bool ShowCodeDetailsInExceptionMessages       = true                                   {manageable} {command line}
   size_t SoftMaxHeapSize                          = 4219469824                             {manageable} {ergonomic}
     bool UseCompressedOops                        = true                           {product lp64_product} {ergonomic}
     bool UseG1GC                                  = true                                      {product} {ergonomic}
     bool UseLargePagesIndividualAllocation        = false                                  {pd product} {ergonomic}

Logging:
Log output configuration:
 #0: stdout all=warning uptime,level,tags foldmultilines=false
 #1: stderr all=off uptime,level,tags foldmultilines=false

Environment Variables:
JAVA_HOME=C:\Program Files\Java\jdk-22
PATH=C:\Program Files\Common Files\Oracle\Java\javapath;C:\Windows\system32;C:\Windows;C:\Windows\System32\Wbem;C:\Windows\System32\WindowsPowerShell\v1.0\;C:\Windows\System32\OpenSSH\;C:\Program Files (x86)\NVIDIA Corporation\PhysX\Common;C:\Users\Rendel Abainza\AppData\Local\Programs\Python\Python312\Scripts;C:\Users\Rendel Abainza\AppData\Local\Programs\Python\Python312;C:\Program Files\dotnet\;C:\MinGW\bin;C:\Program Files\Git\cmd;C:\Program Files\Microsoft SQL Server\150\Tools\Binn\;C:\Program Files\Microsoft SQL Server\Client SDK\ODBC\170\Tools\Binn\;C:\Program Files\NVIDIA Corporation\NVIDIA app\NvDLISR;C:\Program Files\apache-maven-3.9.9\bin;C:\Program Files\MySQL\MySQL Server 8.0\bin;C:\Program Files\MySQL\MySQL Shell 8.0\bin\;C:\Users\Rendel Abainza\AppData\Local\Programs\Python\Launcher\;C:\Users\Rendel Abainza\AppData\Local\Microsoft\WindowsApps;C:\Users\Rendel Abainza\AppData\Local\Programs\Microsoft VS Code\bin;C:\Users\Rendel Abainza\AppData\Local\Programs\Python\Python312;C:\Users\Rendel Abainza\AppData\Local\GitHubDesktop\bin;C:\Users\Rendel Abainza\.dotnet\tools;C:\Program Files\apache-maven-3.9.9\bin;
USERNAME=Rendel Abainza
OS=Windows_NT
PROCESSOR_IDENTIFIER=Intel64 Family 6 Model 183 Stepping 1, GenuineIntel
TMP=C:\Users\RENDEL~1\AppData\Local\Temp
TEMP=C:\Users\RENDEL~1\AppData\Local\Temp




Periodic native trim disabled

---------------  S Y S T E M  ---------------

OS:
 Windows 11 , 64 bit Build 22621 (10.0.22621.4830)
OS uptime: 1 days 15:50 hours
Hyper-V role detected

CPU: total 20 (initial active 20) (10 cores per cpu, 2 threads per core) family 6 model 183 stepping 1 microcode 0x129, cx8, cmov, fxsr, ht, mmx, 3dnowpref, sse, sse2, sse3, ssse3, sse4.1, sse4.2, popcnt, lzcnt, tsc, tscinvbit, avx, avx2, aes, erms, clmul, bmi1, bmi2, adx, sha, fma, vzeroupper, clflush, clflushopt, clwb, hv, serialize, rdtscp, rdpid, fsrm, gfni, f16c, cet_ibt, cet_ss
Processor Information for processor 0
  Max Mhz: 2600, Current Mhz: 2600, Mhz Limit: 2600
Processor Information for processor 1
  Max Mhz: 2600, Current Mhz: 1496, Mhz Limit: 2600
Processor Information for processor 2
  Max Mhz: 2600, Current Mhz: 2600, Mhz Limit: 2600
Processor Information for processor 3
  Max Mhz: 2600, Current Mhz: 1496, Mhz Limit: 2600
Processor Information for processor 4
  Max Mhz: 2600, Current Mhz: 2600, Mhz Limit: 2600
Processor Information for processor 5
  Max Mhz: 2600, Current Mhz: 1496, Mhz Limit: 2600
Processor Information for processor 6
  Max Mhz: 2600, Current Mhz: 2600, Mhz Limit: 2600
Processor Information for processor 7
  Max Mhz: 2600, Current Mhz: 1496, Mhz Limit: 2600
Processor Information for processor 8
  Max Mhz: 2600, Current Mhz: 2600, Mhz Limit: 2600
Processor Information for processor 9
  Max Mhz: 2600, Current Mhz: 1496, Mhz Limit: 2600
Processor Information for processor 10
  Max Mhz: 2600, Current Mhz: 2600, Mhz Limit: 2600
Processor Information for processor 11
  Max Mhz: 2600, Current Mhz: 1496, Mhz Limit: 2600
Processor Information for processor 12
  Max Mhz: 2600, Current Mhz: 1505, Mhz Limit: 2600
Processor Information for processor 13
  Max Mhz: 2600, Current Mhz: 2600, Mhz Limit: 2600
Processor Information for processor 14
  Max Mhz: 2600, Current Mhz: 2600, Mhz Limit: 2600
Processor Information for processor 15
  Max Mhz: 2600, Current Mhz: 2600, Mhz Limit: 2600
Processor Information for processor 16
  Max Mhz: 2600, Current Mhz: 2600, Mhz Limit: 2600
Processor Information for processor 17
  Max Mhz: 2600, Current Mhz: 1505, Mhz Limit: 2600
Processor Information for processor 18
  Max Mhz: 2600, Current Mhz: 1505, Mhz Limit: 2600
Processor Information for processor 19
  Max Mhz: 2600, Current Mhz: 2600, Mhz Limit: 2600

Memory: 4k page, system-wide physical 16088M (1977M free)
TotalPageFile size 33496M (AvailPageFile size 11210M)
current process WorkingSet (physical memory assigned to process): 333M, peak: 456M
current process commit charge ("private bytes"): 431M, peak: 697M

vm_info: Java HotSpot(TM) 64-Bit Server VM (23.0.1+11-39) for windows-amd64 JRE (23.0.1+11-39), built on 2024-09-30T07:20:43Z with MS VC++ 17.6 (VS2022)

END.
